<?xml version="1.0" encoding="UTF-8"?>
<testng-results total="1" passed="1" failed="0" skipped="0">
  <reporter-output>
  </reporter-output>
  <suite started-at="2024-10-08T18:16:26Z" name="Test Suite for Buildout" finished-at="2024-10-08T18:17:08Z" duration-ms="42360">
    <groups>
    </groups>
    <test started-at="2024-10-08T18:16:26Z" name="Test Cases for Buildout" finished-at="2024-10-08T18:17:08Z" duration-ms="42360">
      <class name="demo.TestCases">
        <test-method is-config="true" signature="startBrowser()[pri:0, instance:demo.TestCases@3fb6cf60]" started-at="2024-10-08T23:46:26Z" name="startBrowser" finished-at="2024-10-08T23:46:29Z" duration-ms="3252" status="PASS">
          <reporter-output>
          </reporter-output>
        </test-method> <!-- startBrowser -->
        <test-method signature="testCase01()[pri:0, instance:demo.TestCases@3fb6cf60]" started-at="2024-10-08T23:46:29Z" name="testCase01" finished-at="2024-10-08T23:47:07Z" duration-ms="38153" status="PASS">
          <reporter-output>
          </reporter-output>
        </test-method> <!-- testCase01 -->
        <test-method is-config="true" signature="endTest()[pri:0, instance:demo.TestCases@3fb6cf60]" started-at="2024-10-08T23:47:07Z" name="endTest" finished-at="2024-10-08T23:47:08Z" duration-ms="928" status="PASS">
          <reporter-output>
          </reporter-output>
        </test-method> <!-- endTest -->
      </class> <!-- demo.TestCases -->
    </test> <!-- Test Cases for Buildout -->
  </suite> <!-- Test Suite for Buildout -->
</testng-results>
